# JRE version: OpenJDK Runtime Environment (22.0.1+8) (build 22.0.1+8-16)
# Java VM: OpenJDK 64-Bit Server VM (22.0.1+8-16, mixed mode, sharing, tiered, compressed oops, compressed class ptrs, g1 gc, windows-amd64)
GC Precious Log:
 CardTable entry size: 512
 Card Set container configuration: InlinePtr #cards 4 size 8 Array Of Cards #cards 16 size 48 Howl #buckets 8 coarsen threshold 3686 Howl Bitmap #cards 512 size 80 coarsen threshold 460 Card regions per heap region 1 cards per card region 4096
 CPUs: 8 total, 8 available
 Memory: 16078M
 Large Page Support: Disabled
 NUMA Support: Disabled
 Compressed Oops: Enabled (Zero based)
 Heap Region Size: 2M
 Heap Min Capacity: 8M
 Heap Initial Capacity: 252M
 Heap Max Capacity: 4020M
 Pre-touch: Disabled
 Parallel Workers: 8
 Concurrent Workers: 2
 Concurrent Refinement Workers: 8
 Periodic GC: Disabled
Heap:
 garbage-first heap   total reserved 4116480K, committed 258048K, used 108378K [0x0000000704c00000, 0x0000000800000000)
  region size 2048K, 45 young (92160K), 2 survivors (4096K)
 Metaspace       used 16429K, committed 17024K, reserved 1114112K
  class space    used 1870K, committed 2112K, reserved 1048576K
GC Heap History (12 events):
Event: 5.317 GC heap before
{Heap before GC invocations=0 (full 0):
 garbage-first heap   total reserved 4116480K, committed 258048K, used 30720K [0x0000000704c00000, 0x0000000800000000)
  region size 2048K, 12 young (24576K), 0 survivors (0K)
 Metaspace       used 10680K, committed 10944K, reserved 1114112K
  class space    used 1242K, committed 1344K, reserved 1048576K
}
Event: 5.323 GC heap after
{Heap after GC invocations=1 (full 0):
 garbage-first heap   total reserved 4116480K, committed 258048K, used 18496K [0x0000000704c00000, 0x0000000800000000)
  region size 2048K, 2 young (4096K), 2 survivors (4096K)
 Metaspace       used 10680K, committed 10944K, reserved 1114112K
  class space    used 1242K, committed 1344K, reserved 1048576K
}
Event: 17.262 GC heap before
{Heap before GC invocations=1 (full 0):
 garbage-first heap   total reserved 4116480K, committed 258048K, used 38976K [0x0000000704c00000, 0x0000000800000000)
  region size 2048K, 13 young (26624K), 2 survivors (4096K)
 Metaspace       used 15877K, committed 16448K, reserved 1114112K
  class space    used 1864K, committed 2112K, reserved 1048576K
}
Event: 17.266 GC heap after
{Heap after GC invocations=2 (full 0):
 garbage-first heap   total reserved 4116480K, committed 258048K, used 20738K [0x0000000704c00000, 0x0000000800000000)
  region size 2048K, 2 young (4096K), 2 survivors (4096K)
 Metaspace       used 15877K, committed 16448K, reserved 1114112K
  class space    used 1864K, committed 2112K, reserved 1048576K
}
Event: 20.685 GC heap before
{Heap before GC invocations=2 (full 0):
 garbage-first heap   total reserved 4116480K, committed 258048K, used 88322K [0x0000000704c00000, 0x0000000800000000)
  region size 2048K, 35 young (71680K), 2 survivors (4096K)
 Metaspace       used 16346K, committed 16960K, reserved 1114112K
  class space    used 1868K, committed 2112K, reserved 1048576K
}
Event: 20.689 GC heap after
{Heap after GC invocations=3 (full 0):
 garbage-first heap   total reserved 4116480K, committed 258048K, used 22416K [0x0000000704c00000, 0x0000000800000000)
  region size 2048K, 2 young (4096K), 2 survivors (4096K)
 Metaspace       used 16346K, committed 16960K, reserved 1114112K
  class space    used 1868K, committed 2112K, reserved 1048576K
}
Event: 23.399 GC heap before
{Heap before GC invocations=3 (full 0):
 garbage-first heap   total reserved 4116480K, committed 258048K, used 171920K [0x0000000704c00000, 0x0000000800000000)
  region size 2048K, 75 young (153600K), 2 survivors (4096K)
 Metaspace       used 16365K, committed 16960K, reserved 1114112K
  class space    used 1869K, committed 2112K, reserved 1048576K
}
Event: 23.403 GC heap after
{Heap after GC invocations=4 (full 0):
 garbage-first heap   total reserved 4116480K, committed 258048K, used 22309K [0x0000000704c00000, 0x0000000800000000)
  region size 2048K, 2 young (4096K), 2 survivors (4096K)
 Metaspace       used 16365K, committed 16960K, reserved 1114112K
  class space    used 1869K, committed 2112K, reserved 1048576K
}
Event: 25.529 GC heap before
{Heap before GC invocations=4 (full 0):
 garbage-first heap   total reserved 4116480K, committed 258048K, used 171813K [0x0000000704c00000, 0x0000000800000000)
  region size 2048K, 75 young (153600K), 2 survivors (4096K)
 Metaspace       used 16379K, committed 17024K, reserved 1114112K
  class space    used 1869K, committed 2112K, reserved 1048576K
}
Event: 25.536 GC heap after
{Heap after GC invocations=5 (full 0):
 garbage-first heap   total reserved 4116480K, committed 258048K, used 22464K [0x0000000704c00000, 0x0000000800000000)
  region size 2048K, 2 young (4096K), 2 survivors (4096K)
 Metaspace       used 16379K, committed 17024K, reserved 1114112K
  class space    used 1869K, committed 2112K, reserved 1048576K
}
Event: 27.915 GC heap before
{Heap before GC invocations=5 (full 0):
 garbage-first heap   total reserved 4116480K, committed 258048K, used 171968K [0x0000000704c00000, 0x0000000800000000)
  region size 2048K, 75 young (153600K), 2 survivors (4096K)
 Metaspace       used 16412K, committed 17024K, reserved 1114112K
  class space    used 1870K, committed 2112K, reserved 1048576K
}
Event: 27.917 GC heap after
{Heap after GC invocations=6 (full 0):
 garbage-first heap   total reserved 4116480K, committed 258048K, used 22362K [0x0000000704c00000, 0x0000000800000000)
  region size 2048K, 2 young (4096K), 2 survivors (4096K)
 Metaspace       used 16412K, committed 17024K, reserved 1114112K
  class space    used 1870K, committed 2112K, reserved 1048576K
}

